{"C:\\Users\\lucas\\Desktop\\tsbethehero\\backend\\knexfile.ts": {"path":"C:\\Users\\lucas\\Desktop\\tsbethehero\\backend\\knexfile.ts","statementMap":{"0":{"start":{"line":3,"column":0},"end":{"line":58,"column":2}}},"fnMap":{},"branchMap":{},"s":{"0":1},"f":{},"b":{}}
,"C:\\Users\\lucas\\Desktop\\tsbethehero\\backend\\src\\app.ts": {"path":"C:\\Users\\lucas\\Desktop\\tsbethehero\\backend\\src\\app.ts","statementMap":{"0":{"start":{"line":1,"column":0},"end":{"line":1,"column":29}},"1":{"start":{"line":2,"column":0},"end":{"line":2,"column":23}},"2":{"start":{"line":3,"column":12},"end":{"line":3,"column":21}},"3":{"start":{"line":5,"column":0},"end":{"line":5,"column":null}},"4":{"start":{"line":6,"column":0},"end":{"line":6,"column":null}},"5":{"start":{"line":7,"column":0},"end":{"line":7,"column":null}},"6":{"start":{"line":9,"column":0},"end":{"line":11,"column":null}},"7":{"start":{"line":10,"column":2},"end":{"line":10,"column":null}},"8":{"start":{"line":13,"column":0},"end":{"line":13,"column":null}}},"fnMap":{"0":{"name":"(anonymous_1)","decl":{"start":{"line":9,"column":13},"end":{"line":9,"column":14}},"loc":{"start":{"line":9,"column":61},"end":{"line":11,"column":1}}}},"branchMap":{},"s":{"0":1,"1":1,"2":1,"3":1,"4":1,"5":1,"6":1,"7":0,"8":1},"f":{"0":0},"b":{}}
,"C:\\Users\\lucas\\Desktop\\tsbethehero\\backend\\src\\database\\connection.ts": {"path":"C:\\Users\\lucas\\Desktop\\tsbethehero\\backend\\src\\database\\connection.ts","statementMap":{"0":{"start":{"line":1,"column":0},"end":{"line":1,"column":23}},"1":{"start":{"line":2,"column":22},"end":{"line":2,"column":47}},"2":{"start":{"line":4,"column":19},"end":{"line":7,"column":null}},"3":{"start":{"line":10,"column":0},"end":{"line":10,"column":null}}},"fnMap":{},"branchMap":{"0":{"loc":{"start":{"line":6,"column":4},"end":{"line":6,"column":22}},"type":"cond-expr","locations":[{"start":{"line":6,"column":4},"end":{"line":6,"column":22}},{"start":{"line":7,"column":4},"end":{"line":7,"column":29}}]}},"s":{"0":1,"1":1,"2":1,"3":1},"f":{},"b":{"0":[1,0]}}
,"C:\\Users\\lucas\\Desktop\\tsbethehero\\backend\\src\\database\\migrations\\20200329204614_create_ongs.ts": {"path":"C:\\Users\\lucas\\Desktop\\tsbethehero\\backend\\src\\database\\migrations\\20200329204614_create_ongs.ts","statementMap":{"0":{"start":{"line":4,"column":2},"end":{"line":11,"column":null}},"1":{"start":{"line":5,"column":4},"end":{"line":5,"column":null}},"2":{"start":{"line":6,"column":4},"end":{"line":6,"column":null}},"3":{"start":{"line":7,"column":4},"end":{"line":7,"column":null}},"4":{"start":{"line":8,"column":4},"end":{"line":8,"column":null}},"5":{"start":{"line":9,"column":4},"end":{"line":9,"column":null}},"6":{"start":{"line":10,"column":4},"end":{"line":10,"column":null}},"7":{"start":{"line":3,"column":0},"end":{"line":3,"column":22}},"8":{"start":{"line":15,"column":2},"end":{"line":15,"column":null}},"9":{"start":{"line":14,"column":0},"end":{"line":14,"column":22}}},"fnMap":{"0":{"name":"up","decl":{"start":{"line":3,"column":22},"end":{"line":3,"column":24}},"loc":{"start":{"line":3,"column":35},"end":{"line":12,"column":null}}},"1":{"name":"(anonymous_9)","decl":{"start":{"line":4,"column":41},"end":{"line":4,"column":50}},"loc":{"start":{"line":4,"column":55},"end":{"line":11,"column":3}}},"2":{"name":"down","decl":{"start":{"line":14,"column":22},"end":{"line":14,"column":26}},"loc":{"start":{"line":14,"column":37},"end":{"line":16,"column":null}}}},"branchMap":{},"s":{"0":1,"1":1,"2":1,"3":1,"4":1,"5":1,"6":1,"7":1,"8":0,"9":1},"f":{"0":1,"1":1,"2":0},"b":{}}
,"C:\\Users\\lucas\\Desktop\\tsbethehero\\backend\\src\\database\\migrations\\20200329204627_create_incidents.ts": {"path":"C:\\Users\\lucas\\Desktop\\tsbethehero\\backend\\src\\database\\migrations\\20200329204627_create_incidents.ts","statementMap":{"0":{"start":{"line":4,"column":2},"end":{"line":11,"column":null}},"1":{"start":{"line":5,"column":4},"end":{"line":5,"column":null}},"2":{"start":{"line":6,"column":4},"end":{"line":6,"column":null}},"3":{"start":{"line":7,"column":4},"end":{"line":7,"column":null}},"4":{"start":{"line":8,"column":4},"end":{"line":8,"column":null}},"5":{"start":{"line":9,"column":4},"end":{"line":9,"column":null}},"6":{"start":{"line":10,"column":4},"end":{"line":10,"column":null}},"7":{"start":{"line":3,"column":0},"end":{"line":3,"column":22}},"8":{"start":{"line":15,"column":2},"end":{"line":15,"column":null}},"9":{"start":{"line":14,"column":0},"end":{"line":14,"column":22}}},"fnMap":{"0":{"name":"up","decl":{"start":{"line":3,"column":22},"end":{"line":3,"column":24}},"loc":{"start":{"line":3,"column":35},"end":{"line":12,"column":null}}},"1":{"name":"(anonymous_9)","decl":{"start":{"line":4,"column":46},"end":{"line":4,"column":55}},"loc":{"start":{"line":4,"column":60},"end":{"line":11,"column":3}}},"2":{"name":"down","decl":{"start":{"line":14,"column":22},"end":{"line":14,"column":26}},"loc":{"start":{"line":14,"column":37},"end":{"line":16,"column":null}}}},"branchMap":{},"s":{"0":1,"1":1,"2":1,"3":1,"4":1,"5":1,"6":1,"7":1,"8":0,"9":1},"f":{"0":1,"1":1,"2":0},"b":{}}
,"C:\\Users\\lucas\\Desktop\\tsbethehero\\backend\\src\\utils\\generateUniqueId.ts": {"path":"C:\\Users\\lucas\\Desktop\\tsbethehero\\backend\\src\\utils\\generateUniqueId.ts","statementMap":{"0":{"start":{"line":1,"column":0},"end":{"line":1,"column":27}},"1":{"start":{"line":4,"column":2},"end":{"line":4,"column":null}},"2":{"start":{"line":3,"column":0},"end":{"line":3,"column":24}}},"fnMap":{"0":{"name":"generateUniqueId","decl":{"start":{"line":3,"column":24},"end":{"line":3,"column":40}},"loc":{"start":{"line":3,"column":40},"end":{"line":5,"column":1}}}},"branchMap":{},"s":{"0":1,"1":1,"2":1},"f":{"0":1},"b":{}}
}
