TN:
SF:knexfile.ts
FNF:0
FNH:0
DA:3,1
LF:1
LH:1
BRF:0
BRH:0
end_of_record
TN:
SF:src\app.ts
FN:9,(anonymous_1)
FNF:1
FNH:0
FNDA:0,(anonymous_1)
DA:1,1
DA:2,1
DA:3,1
DA:5,1
DA:6,1
DA:7,1
DA:9,1
DA:10,0
DA:13,1
LF:9
LH:8
BRF:0
BRH:0
end_of_record
TN:
SF:src\database\connection.ts
FNF:0
FNH:0
DA:1,1
DA:2,1
DA:4,1
DA:10,1
LF:4
LH:4
BRDA:6,0,0,1
BRDA:6,0,1,0
BRF:2
BRH:1
end_of_record
TN:
SF:src\database\migrations\20200329204614_create_ongs.ts
FN:3,up
FN:4,(anonymous_9)
FN:14,down
FNF:3
FNH:2
FNDA:1,up
FNDA:1,(anonymous_9)
FNDA:0,down
DA:3,1
DA:4,1
DA:5,1
DA:6,1
DA:7,1
DA:8,1
DA:9,1
DA:10,1
DA:14,1
DA:15,0
LF:10
LH:9
BRF:0
BRH:0
end_of_record
TN:
SF:src\database\migrations\20200329204627_create_incidents.ts
FN:3,up
FN:4,(anonymous_9)
FN:14,down
FNF:3
FNH:2
FNDA:1,up
FNDA:1,(anonymous_9)
FNDA:0,down
DA:3,1
DA:4,1
DA:5,1
DA:6,1
DA:7,1
DA:8,1
DA:9,1
DA:10,1
DA:14,1
DA:15,0
LF:10
LH:9
BRF:0
BRH:0
end_of_record
TN:
SF:src\utils\generateUniqueId.ts
FN:3,generateUniqueId
FNF:1
FNH:1
FNDA:1,generateUniqueId
DA:1,1
DA:3,1
DA:4,1
LF:3
LH:3
BRF:0
BRH:0
end_of_record
